<?xml version="1.0" encoding="UTF-8"?>
<testng-results skipped="0" failed="0" ignored="0" total="2" passed="2">
  <reporter-output>
  </reporter-output>
  <suite name="Default suite" duration-ms="4067" started-at="2022-04-16T18:40:47 IST" finished-at="2022-04-16T18:40:51 IST">
    <groups>
    </groups>
    <test name="Default test" duration-ms="4067" started-at="2022-04-16T18:40:47 IST" finished-at="2022-04-16T18:40:51 IST">
      <class name="com.qa.Test.Post_MethodTest">
        <test-method status="PASS" signature="setup()[pri:0, instance:com.qa.Test.Post_MethodTest@1d16f93d]" name="setup" is-config="true" duration-ms="18" started-at="2022-04-16T18:40:47 IST" finished-at="2022-04-16T18:40:47 IST">
          <reporter-output>
          </reporter-output>
        </test-method> <!-- setup -->
        <test-method status="PASS" signature="PostAPI()[pri:0, instance:com.qa.Test.Post_MethodTest@1d16f93d]" name="PostAPI" duration-ms="3585" started-at="2022-04-16T18:40:47 IST" finished-at="2022-04-16T18:40:51 IST">
          <reporter-output>
          </reporter-output>
        </test-method> <!-- PostAPI -->
      </class> <!-- com.qa.Test.Post_MethodTest -->
      <class name="com.qa.Test.Get_Method">
        <test-method status="PASS" signature="getAPI()[pri:0, instance:com.qa.Test.Get_Method@67b92f0a]" name="getAPI" duration-ms="386" started-at="2022-04-16T18:40:51 IST" finished-at="2022-04-16T18:40:51 IST">
          <reporter-output>
          </reporter-output>
        </test-method> <!-- getAPI -->
        <test-method status="PASS" signature="setup()[pri:0, instance:com.qa.Test.Get_Method@67b92f0a]" name="setup" is-config="true" duration-ms="0" started-at="2022-04-16T18:40:51 IST" finished-at="2022-04-16T18:40:51 IST">
          <reporter-output>
          </reporter-output>
        </test-method> <!-- setup -->
      </class> <!-- com.qa.Test.Get_Method -->
    </test> <!-- Default test -->
  </suite> <!-- Default suite -->
</testng-results>
